  main.cpp
C:\Users\a_har\OneDrive - Teesside University\Real Time Simulation\Lunar Lander - Copy\HAPI_Start\HAPI_Start\main.cpp(70,42): warning C4244: '=': conversion from 'double' to 'HAPISPACE::BYTE', possible loss of data
C:\Users\a_har\OneDrive - Teesside University\Real Time Simulation\Lunar Lander - Copy\HAPI_Start\HAPI_Start\main.cpp(71,42): warning C4244: '=': conversion from 'double' to 'HAPISPACE::BYTE', possible loss of data
C:\Users\a_har\OneDrive - Teesside University\Real Time Simulation\Lunar Lander - Copy\HAPI_Start\HAPI_Start\main.cpp(72,42): warning C4244: '=': conversion from 'double' to 'HAPISPACE::BYTE', possible loss of data
C:\Users\a_har\OneDrive - Teesside University\Real Time Simulation\Lunar Lander - Copy\HAPI_Start\HAPI_Start\main.cpp(94,13): warning C4244: 'initializing': conversion from 'float' to 'int', possible loss of data
C:\Users\a_har\OneDrive - Teesside University\Real Time Simulation\Lunar Lander - Copy\HAPI_Start\HAPI_Start\main.cpp(95,13): warning C4244: 'initializing': conversion from 'float' to 'int', possible loss of data
C:\Users\a_har\OneDrive - Teesside University\Real Time Simulation\Lunar Lander - Copy\HAPI_Start\HAPI_Start\main.cpp(127,14): warning C4244: 'initializing': conversion from 'int' to 'float', possible loss of data
C:\Users\a_har\OneDrive - Teesside University\Real Time Simulation\Lunar Lander - Copy\HAPI_Start\HAPI_Start\main.cpp(129,15): warning C4244: 'initializing': conversion from 'int' to 'float', possible loss of data
C:\Users\a_har\OneDrive - Teesside University\Real Time Simulation\Lunar Lander - Copy\HAPI_Start\HAPI_Start\main.cpp(134,25): warning C4305: 'initializing': truncation from 'double' to 'float'
C:\Users\a_har\OneDrive - Teesside University\Real Time Simulation\Lunar Lander - Copy\HAPI_Start\HAPI_Start\main.cpp(135,25): warning C4305: 'initializing': truncation from 'double' to 'float'
C:\Users\a_har\OneDrive - Teesside University\Real Time Simulation\Lunar Lander - Copy\HAPI_Start\HAPI_Start\main.cpp(138,12): warning C4244: 'argument': conversion from 'time_t' to 'unsigned int', possible loss of data
C:\Users\a_har\OneDrive - Teesside University\Real Time Simulation\Lunar Lander - Copy\HAPI_Start\HAPI_Start\main.cpp(139,19): warning C4244: 'initializing': conversion from 'int' to 'float', possible loss of data
C:\Users\a_har\OneDrive - Teesside University\Real Time Simulation\Lunar Lander - Copy\HAPI_Start\HAPI_Start\main.cpp(229,21): warning C4305: '=': truncation from 'double' to 'float'
C:\Users\a_har\OneDrive - Teesside University\Real Time Simulation\Lunar Lander - Copy\HAPI_Start\HAPI_Start\main.cpp(230,21): warning C4305: '=': truncation from 'double' to 'float'
C:\Users\a_har\OneDrive - Teesside University\Real Time Simulation\Lunar Lander - Copy\HAPI_Start\HAPI_Start\main.cpp(232,16): warning C4305: '=': truncation from 'double' to 'float'
C:\Users\a_har\OneDrive - Teesside University\Real Time Simulation\Lunar Lander - Copy\HAPI_Start\HAPI_Start\main.cpp(237,35): warning C4244: '=': conversion from 'int' to 'float', possible loss of data
C:\Users\a_har\OneDrive - Teesside University\Real Time Simulation\Lunar Lander - Copy\HAPI_Start\HAPI_Start\main.cpp(255,21): warning C4305: '=': truncation from 'double' to 'float'
C:\Users\a_har\OneDrive - Teesside University\Real Time Simulation\Lunar Lander - Copy\HAPI_Start\HAPI_Start\main.cpp(256,21): warning C4305: '=': truncation from 'double' to 'float'
C:\Users\a_har\OneDrive - Teesside University\Real Time Simulation\Lunar Lander - Copy\HAPI_Start\HAPI_Start\main.cpp(258,16): warning C4305: '=': truncation from 'double' to 'float'
C:\Users\a_har\OneDrive - Teesside University\Real Time Simulation\Lunar Lander - Copy\HAPI_Start\HAPI_Start\main.cpp(262,35): warning C4244: '=': conversion from 'int' to 'float', possible loss of data
C:\Users\a_har\OneDrive - Teesside University\Real Time Simulation\Lunar Lander - Copy\HAPI_Start\HAPI_Start\main.cpp(270,24): warning C4305: '+=': truncation from 'double' to 'float'
C:\Users\a_har\OneDrive - Teesside University\Real Time Simulation\Lunar Lander - Copy\HAPI_Start\HAPI_Start\main.cpp(285,13): warning C4244: '=': conversion from 'float' to 'int', possible loss of data
C:\Users\a_har\OneDrive - Teesside University\Real Time Simulation\Lunar Lander - Copy\HAPI_Start\HAPI_Start\main.cpp(313,28): warning C4244: '=': conversion from 'float' to 'int', possible loss of data
C:\Users\a_har\OneDrive - Teesside University\Real Time Simulation\Lunar Lander - Copy\HAPI_Start\HAPI_Start\main.cpp(326,19): warning C4244: '=': conversion from 'float' to 'int', possible loss of data
C:\Users\a_har\OneDrive - Teesside University\Real Time Simulation\Lunar Lander - Copy\HAPI_Start\HAPI_Start\main.cpp(338,37): warning C4244: '=': conversion from 'float' to 'int', possible loss of data
C:\Users\a_har\OneDrive - Teesside University\Real Time Simulation\Lunar Lander - Copy\HAPI_Start\HAPI_Start\main.cpp(343,11): warning C4244: '=': conversion from 'float' to 'int', possible loss of data
C:\Users\a_har\OneDrive - Teesside University\Real Time Simulation\Lunar Lander - Copy\HAPI_Start\HAPI_Start\main.cpp(344,11): warning C4244: '=': conversion from 'float' to 'int', possible loss of data
C:\Users\a_har\OneDrive - Teesside University\Real Time Simulation\Lunar Lander - Copy\HAPI_Start\HAPI_Start\main.cpp(345,43): warning C4244: 'argument': conversion from 'int' to 'float', possible loss of data
C:\Users\a_har\OneDrive - Teesside University\Real Time Simulation\Lunar Lander - Copy\HAPI_Start\HAPI_Start\main.cpp(345,36): warning C4244: 'argument': conversion from 'int' to 'float', possible loss of data
C:\Users\a_har\OneDrive - Teesside University\Real Time Simulation\Lunar Lander - Copy\HAPI_Start\HAPI_Start\main.cpp(346,43): warning C4244: 'argument': conversion from 'int' to 'float', possible loss of data
C:\Users\a_har\OneDrive - Teesside University\Real Time Simulation\Lunar Lander - Copy\HAPI_Start\HAPI_Start\main.cpp(346,36): warning C4244: 'argument': conversion from 'int' to 'float', possible loss of data
C:\Users\a_har\OneDrive - Teesside University\Real Time Simulation\Lunar Lander - Copy\HAPI_Start\HAPI_Start\main.cpp(347,11): warning C4244: '=': conversion from 'float' to 'int', possible loss of data
C:\Users\a_har\OneDrive - Teesside University\Real Time Simulation\Lunar Lander - Copy\HAPI_Start\HAPI_Start\main.cpp(348,11): warning C4244: '=': conversion from 'float' to 'int', possible loss of data
C:\Users\a_har\OneDrive - Teesside University\Real Time Simulation\Lunar Lander - Copy\HAPI_Start\HAPI_Start\main.cpp(349,41): warning C4244: 'argument': conversion from 'int' to 'float', possible loss of data
C:\Users\a_har\OneDrive - Teesside University\Real Time Simulation\Lunar Lander - Copy\HAPI_Start\HAPI_Start\main.cpp(349,34): warning C4244: 'argument': conversion from 'int' to 'float', possible loss of data
C:\Users\a_har\OneDrive - Teesside University\Real Time Simulation\Lunar Lander - Copy\HAPI_Start\HAPI_Start\main.cpp(350,41): warning C4244: 'argument': conversion from 'int' to 'float', possible loss of data
C:\Users\a_har\OneDrive - Teesside University\Real Time Simulation\Lunar Lander - Copy\HAPI_Start\HAPI_Start\main.cpp(350,34): warning C4244: 'argument': conversion from 'int' to 'float', possible loss of data
C:\Users\a_har\OneDrive - Teesside University\Real Time Simulation\Lunar Lander - Copy\HAPI_Start\HAPI_Start\main.cpp(351,11): warning C4244: '=': conversion from 'float' to 'int', possible loss of data
C:\Users\a_har\OneDrive - Teesside University\Real Time Simulation\Lunar Lander - Copy\HAPI_Start\HAPI_Start\main.cpp(352,11): warning C4244: '=': conversion from 'float' to 'int', possible loss of data
C:\Users\a_har\OneDrive - Teesside University\Real Time Simulation\Lunar Lander - Copy\HAPI_Start\HAPI_Start\main.cpp(353,42): warning C4244: 'argument': conversion from 'int' to 'float', possible loss of data
C:\Users\a_har\OneDrive - Teesside University\Real Time Simulation\Lunar Lander - Copy\HAPI_Start\HAPI_Start\main.cpp(353,35): warning C4244: 'argument': conversion from 'int' to 'float', possible loss of data
C:\Users\a_har\OneDrive - Teesside University\Real Time Simulation\Lunar Lander - Copy\HAPI_Start\HAPI_Start\main.cpp(354,42): warning C4244: 'argument': conversion from 'int' to 'float', possible loss of data
C:\Users\a_har\OneDrive - Teesside University\Real Time Simulation\Lunar Lander - Copy\HAPI_Start\HAPI_Start\main.cpp(354,35): warning C4244: 'argument': conversion from 'int' to 'float', possible loss of data
C:\Users\a_har\OneDrive - Teesside University\Real Time Simulation\Lunar Lander - Copy\HAPI_Start\HAPI_Start\main.cpp(355,11): warning C4244: '=': conversion from 'float' to 'int', possible loss of data
C:\Users\a_har\OneDrive - Teesside University\Real Time Simulation\Lunar Lander - Copy\HAPI_Start\HAPI_Start\main.cpp(356,11): warning C4244: '=': conversion from 'float' to 'int', possible loss of data
C:\Users\a_har\OneDrive - Teesside University\Real Time Simulation\Lunar Lander - Copy\HAPI_Start\HAPI_Start\main.cpp(357,44): warning C4244: 'argument': conversion from 'int' to 'float', possible loss of data
C:\Users\a_har\OneDrive - Teesside University\Real Time Simulation\Lunar Lander - Copy\HAPI_Start\HAPI_Start\main.cpp(357,37): warning C4244: 'argument': conversion from 'int' to 'float', possible loss of data
C:\Users\a_har\OneDrive - Teesside University\Real Time Simulation\Lunar Lander - Copy\HAPI_Start\HAPI_Start\main.cpp(358,44): warning C4244: 'argument': conversion from 'int' to 'float', possible loss of data
C:\Users\a_har\OneDrive - Teesside University\Real Time Simulation\Lunar Lander - Copy\HAPI_Start\HAPI_Start\main.cpp(358,37): warning C4244: 'argument': conversion from 'int' to 'float', possible loss of data
C:\Users\a_har\OneDrive - Teesside University\Real Time Simulation\Lunar Lander - Copy\HAPI_Start\HAPI_Start\main.cpp(361,65): warning C4244: 'argument': conversion from 'float' to 'int', possible loss of data
C:\Users\a_har\OneDrive - Teesside University\Real Time Simulation\Lunar Lander - Copy\HAPI_Start\HAPI_Start\main.cpp(361,42): warning C4244: 'argument': conversion from 'float' to 'int', possible loss of data
C:\Users\a_har\OneDrive - Teesside University\Real Time Simulation\Lunar Lander - Copy\HAPI_Start\HAPI_Start\main.cpp(371,40): warning C4244: '=': conversion from 'double' to 'float', possible loss of data
C:\Users\a_har\OneDrive - Teesside University\Real Time Simulation\Lunar Lander - Copy\HAPI_Start\HAPI_Start\main.cpp(372,43): warning C4244: '=': conversion from 'double' to 'float', possible loss of data
C:\Users\a_har\OneDrive - Teesside University\Real Time Simulation\Lunar Lander - Copy\HAPI_Start\HAPI_Start\main.cpp(386,18): warning C4305: '-=': truncation from 'double' to 'float'
C:\Users\a_har\OneDrive - Teesside University\Real Time Simulation\Lunar Lander - Copy\HAPI_Start\HAPI_Start\main.cpp(390,18): warning C4305: '+=': truncation from 'double' to 'float'
  Rectangle.cpp
  Generating Code...
C:\Users\a_har\OneDrive - Teesside University\Real Time Simulation\Lunar Lander - Copy\HAPI_Start\HAPI_Start\main.cpp(38): warning C4715: 'RotateAboutPoint': not all control paths return a value
HAPI_Debug64.lib(Error.obj) : warning LNK4099: PDB 'HAPI_Debug64.pdb' was not found with 'HAPI_Debug64.lib(Error.obj)' or at 'C:\Users\a_har\OneDrive - Teesside University\Real Time Simulation\Lunar Lander - Copy\HAPI_Start\x64\Debug\HAPI_Debug64.pdb'; linking object as if no debug info
HAPI_Debug64.lib(HapiCore.obj) : warning LNK4099: PDB 'HAPI_Debug64.pdb' was not found with 'HAPI_Debug64.lib(HapiCore.obj)' or at 'C:\Users\a_har\OneDrive - Teesside University\Real Time Simulation\Lunar Lander - Copy\HAPI_Start\x64\Debug\HAPI_Debug64.pdb'; linking object as if no debug info
HAPI_Debug64.lib(HapiMain.obj) : warning LNK4099: PDB '' was not found with 'HAPI_Debug64.lib(HapiMain.obj)' or at ''; linking object as if no debug info
HAPI_Debug64.lib(HapiOsSFML.obj) : warning LNK4099: PDB 'HAPI_Debug64.pdb' was not found with 'HAPI_Debug64.lib(HapiOsSFML.obj)' or at 'C:\Users\a_har\OneDrive - Teesside University\Real Time Simulation\Lunar Lander - Copy\HAPI_Start\x64\Debug\HAPI_Debug64.pdb'; linking object as if no debug info
HAPI_Debug64.lib(HapiRendererSFML.obj) : warning LNK4099: PDB 'HAPI_Debug64.pdb' was not found with 'HAPI_Debug64.lib(HapiRendererSFML.obj)' or at 'C:\Users\a_har\OneDrive - Teesside University\Real Time Simulation\Lunar Lander - Copy\HAPI_Start\x64\Debug\HAPI_Debug64.pdb'; linking object as if no debug info
HAPI_Debug64.lib(HapiSoundSFML.obj) : warning LNK4099: PDB 'HAPI_Debug64.pdb' was not found with 'HAPI_Debug64.lib(HapiSoundSFML.obj)' or at 'C:\Users\a_har\OneDrive - Teesside University\Real Time Simulation\Lunar Lander - Copy\HAPI_Start\x64\Debug\HAPI_Debug64.pdb'; linking object as if no debug info
HAPI_Debug64.lib(HapiXInput.obj) : warning LNK4099: PDB 'HAPI_Debug64.pdb' was not found with 'HAPI_Debug64.lib(HapiXInput.obj)' or at 'C:\Users\a_har\OneDrive - Teesside University\Real Time Simulation\Lunar Lander - Copy\HAPI_Start\x64\Debug\HAPI_Debug64.pdb'; linking object as if no debug info
HAPI_Debug64.lib(PerfCounters.obj) : warning LNK4099: PDB 'HAPI_Debug64.pdb' was not found with 'HAPI_Debug64.lib(PerfCounters.obj)' or at 'C:\Users\a_har\OneDrive - Teesside University\Real Time Simulation\Lunar Lander - Copy\HAPI_Start\x64\Debug\HAPI_Debug64.pdb'; linking object as if no debug info
HAPI_Debug64.lib(SFMLFontManager.obj) : warning LNK4099: PDB 'HAPI_Debug64.pdb' was not found with 'HAPI_Debug64.lib(SFMLFontManager.obj)' or at 'C:\Users\a_har\OneDrive - Teesside University\Real Time Simulation\Lunar Lander - Copy\HAPI_Start\x64\Debug\HAPI_Debug64.pdb'; linking object as if no debug info
HAPI_Debug64.lib(bitreader.obj) : warning LNK4099: PDB 'HAPI_Debug64.pdb' was not found with 'HAPI_Debug64.lib(bitreader.obj)' or at 'C:\Users\a_har\OneDrive - Teesside University\Real Time Simulation\Lunar Lander - Copy\HAPI_Start\x64\Debug\HAPI_Debug64.pdb'; linking object as if no debug info
HAPI_Debug64.lib(bitwriter.obj) : warning LNK4099: PDB 'HAPI_Debug64.pdb' was not found with 'HAPI_Debug64.lib(bitwriter.obj)' or at 'C:\Users\a_har\OneDrive - Teesside University\Real Time Simulation\Lunar Lander - Copy\HAPI_Start\x64\Debug\HAPI_Debug64.pdb'; linking object as if no debug info
HAPI_Debug64.lib(cpu.obj) : warning LNK4099: PDB 'HAPI_Debug64.pdb' was not found with 'HAPI_Debug64.lib(cpu.obj)' or at 'C:\Users\a_har\OneDrive - Teesside University\Real Time Simulation\Lunar Lander - Copy\HAPI_Start\x64\Debug\HAPI_Debug64.pdb'; linking object as if no debug info
HAPI_Debug64.lib(crc.obj) : warning LNK4099: PDB 'HAPI_Debug64.pdb' was not found with 'HAPI_Debug64.lib(crc.obj)' or at 'C:\Users\a_har\OneDrive - Teesside University\Real Time Simulation\Lunar Lander - Copy\HAPI_Start\x64\Debug\HAPI_Debug64.pdb'; linking object as if no debug info
HAPI_Debug64.lib(fixed.obj) : warning LNK4099: PDB 'HAPI_Debug64.pdb' was not found with 'HAPI_Debug64.lib(fixed.obj)' or at 'C:\Users\a_har\OneDrive - Teesside University\Real Time Simulation\Lunar Lander - Copy\HAPI_Start\x64\Debug\HAPI_Debug64.pdb'; linking object as if no debug info
HAPI_Debug64.lib(fixed_intrin_sse2.obj) : warning LNK4099: PDB 'HAPI_Debug64.pdb' was not found with 'HAPI_Debug64.lib(fixed_intrin_sse2.obj)' or at 'C:\Users\a_har\OneDrive - Teesside University\Real Time Simulation\Lunar Lander - Copy\HAPI_Start\x64\Debug\HAPI_Debug64.pdb'; linking object as if no debug info
HAPI_Debug64.lib(fixed_intrin_ssse3.obj) : warning LNK4099: PDB 'HAPI_Debug64.pdb' was not found with 'HAPI_Debug64.lib(fixed_intrin_ssse3.obj)' or at 'C:\Users\a_har\OneDrive - Teesside University\Real Time Simulation\Lunar Lander - Copy\HAPI_Start\x64\Debug\HAPI_Debug64.pdb'; linking object as if no debug info
HAPI_Debug64.lib(format.obj) : warning LNK4099: PDB 'HAPI_Debug64.pdb' was not found with 'HAPI_Debug64.lib(format.obj)' or at 'C:\Users\a_har\OneDrive - Teesside University\Real Time Simulation\Lunar Lander - Copy\HAPI_Start\x64\Debug\HAPI_Debug64.pdb'; linking object as if no debug info
HAPI_Debug64.lib(lpcKD.obj) : warning LNK4099: PDB 'HAPI_Debug64.pdb' was not found with 'HAPI_Debug64.lib(lpcKD.obj)' or at 'C:\Users\a_har\OneDrive - Teesside University\Real Time Simulation\Lunar Lander - Copy\HAPI_Start\x64\Debug\HAPI_Debug64.pdb'; linking object as if no debug info
HAPI_Debug64.lib(lpc_intrin_avx2.obj) : warning LNK4099: PDB 'HAPI_Debug64.pdb' was not found with 'HAPI_Debug64.lib(lpc_intrin_avx2.obj)' or at 'C:\Users\a_har\OneDrive - Teesside University\Real Time Simulation\Lunar Lander - Copy\HAPI_Start\x64\Debug\HAPI_Debug64.pdb'; linking object as if no debug info
HAPI_Debug64.lib(lpc_intrin_sse.obj) : warning LNK4099: PDB '' was not found with 'HAPI_Debug64.lib(lpc_intrin_sse.obj)' or at ''; linking object as if no debug info
HAPI_Debug64.lib(lpc_intrin_sse2.obj) : warning LNK4099: PDB 'HAPI_Debug64.pdb' was not found with 'HAPI_Debug64.lib(lpc_intrin_sse2.obj)' or at 'C:\Users\a_har\OneDrive - Teesside University\Real Time Simulation\Lunar Lander - Copy\HAPI_Start\x64\Debug\HAPI_Debug64.pdb'; linking object as if no debug info
HAPI_Debug64.lib(lpc_intrin_sse41.obj) : warning LNK4099: PDB 'HAPI_Debug64.pdb' was not found with 'HAPI_Debug64.lib(lpc_intrin_sse41.obj)' or at 'C:\Users\a_har\OneDrive - Teesside University\Real Time Simulation\Lunar Lander - Copy\HAPI_Start\x64\Debug\HAPI_Debug64.pdb'; linking object as if no debug info
HAPI_Debug64.lib(md5.obj) : warning LNK4099: PDB 'HAPI_Debug64.pdb' was not found with 'HAPI_Debug64.lib(md5.obj)' or at 'C:\Users\a_har\OneDrive - Teesside University\Real Time Simulation\Lunar Lander - Copy\HAPI_Start\x64\Debug\HAPI_Debug64.pdb'; linking object as if no debug info
HAPI_Debug64.lib(memory.obj) : warning LNK4099: PDB 'HAPI_Debug64.pdb' was not found with 'HAPI_Debug64.lib(memory.obj)' or at 'C:\Users\a_har\OneDrive - Teesside University\Real Time Simulation\Lunar Lander - Copy\HAPI_Start\x64\Debug\HAPI_Debug64.pdb'; linking object as if no debug info
HAPI_Debug64.lib(ogg_decoder_aspect.obj) : warning LNK4099: PDB 'HAPI_Debug64.pdb' was not found with 'HAPI_Debug64.lib(ogg_decoder_aspect.obj)' or at 'C:\Users\a_har\OneDrive - Teesside University\Real Time Simulation\Lunar Lander - Copy\HAPI_Start\x64\Debug\HAPI_Debug64.pdb'; linking object as if no debug info
HAPI_Debug64.lib(ogg_encoder_aspect.obj) : warning LNK4099: PDB 'HAPI_Debug64.pdb' was not found with 'HAPI_Debug64.lib(ogg_encoder_aspect.obj)' or at 'C:\Users\a_har\OneDrive - Teesside University\Real Time Simulation\Lunar Lander - Copy\HAPI_Start\x64\Debug\HAPI_Debug64.pdb'; linking object as if no debug info
HAPI_Debug64.lib(ogg_helper.obj) : warning LNK4099: PDB 'HAPI_Debug64.pdb' was not found with 'HAPI_Debug64.lib(ogg_helper.obj)' or at 'C:\Users\a_har\OneDrive - Teesside University\Real Time Simulation\Lunar Lander - Copy\HAPI_Start\x64\Debug\HAPI_Debug64.pdb'; linking object as if no debug info
HAPI_Debug64.lib(ogg_mapping.obj) : warning LNK4099: PDB 'HAPI_Debug64.pdb' was not found with 'HAPI_Debug64.lib(ogg_mapping.obj)' or at 'C:\Users\a_har\OneDrive - Teesside University\Real Time Simulation\Lunar Lander - Copy\HAPI_Start\x64\Debug\HAPI_Debug64.pdb'; linking object as if no debug info
HAPI_Debug64.lib(stream_decoderKD.obj) : warning LNK4099: PDB 'HAPI_Debug64.pdb' was not found with 'HAPI_Debug64.lib(stream_decoderKD.obj)' or at 'C:\Users\a_har\OneDrive - Teesside University\Real Time Simulation\Lunar Lander - Copy\HAPI_Start\x64\Debug\HAPI_Debug64.pdb'; linking object as if no debug info
HAPI_Debug64.lib(stream_encoderKD.obj) : warning LNK4099: PDB 'HAPI_Debug64.pdb' was not found with 'HAPI_Debug64.lib(stream_encoderKD.obj)' or at 'C:\Users\a_har\OneDrive - Teesside University\Real Time Simulation\Lunar Lander - Copy\HAPI_Start\x64\Debug\HAPI_Debug64.pdb'; linking object as if no debug info
HAPI_Debug64.lib(stream_encoder_framing.obj) : warning LNK4099: PDB 'HAPI_Debug64.pdb' was not found with 'HAPI_Debug64.lib(stream_encoder_framing.obj)' or at 'C:\Users\a_har\OneDrive - Teesside University\Real Time Simulation\Lunar Lander - Copy\HAPI_Start\x64\Debug\HAPI_Debug64.pdb'; linking object as if no debug info
HAPI_Debug64.lib(stream_encoder_intrin_avx2.obj) : warning LNK4099: PDB 'HAPI_Debug64.pdb' was not found with 'HAPI_Debug64.lib(stream_encoder_intrin_avx2.obj)' or at 'C:\Users\a_har\OneDrive - Teesside University\Real Time Simulation\Lunar Lander - Copy\HAPI_Start\x64\Debug\HAPI_Debug64.pdb'; linking object as if no debug info
HAPI_Debug64.lib(stream_encoder_intrin_sse2.obj) : warning LNK4099: PDB 'HAPI_Debug64.pdb' was not found with 'HAPI_Debug64.lib(stream_encoder_intrin_sse2.obj)' or at 'C:\Users\a_har\OneDrive - Teesside University\Real Time Simulation\Lunar Lander - Copy\HAPI_Start\x64\Debug\HAPI_Debug64.pdb'; linking object as if no debug info
HAPI_Debug64.lib(stream_encoder_intrin_ssse3.obj) : warning LNK4099: PDB 'HAPI_Debug64.pdb' was not found with 'HAPI_Debug64.lib(stream_encoder_intrin_ssse3.obj)' or at 'C:\Users\a_har\OneDrive - Teesside University\Real Time Simulation\Lunar Lander - Copy\HAPI_Start\x64\Debug\HAPI_Debug64.pdb'; linking object as if no debug info
HAPI_Debug64.lib(windowKD.obj) : warning LNK4099: PDB 'HAPI_Debug64.pdb' was not found with 'HAPI_Debug64.lib(windowKD.obj)' or at 'C:\Users\a_har\OneDrive - Teesside University\Real Time Simulation\Lunar Lander - Copy\HAPI_Start\x64\Debug\HAPI_Debug64.pdb'; linking object as if no debug info
HAPI_Debug64.lib(windows_unicode_filenames.obj) : warning LNK4099: PDB 'HAPI_Debug64.pdb' was not found with 'HAPI_Debug64.lib(windows_unicode_filenames.obj)' or at 'C:\Users\a_har\OneDrive - Teesside University\Real Time Simulation\Lunar Lander - Copy\HAPI_Start\x64\Debug\HAPI_Debug64.pdb'; linking object as if no debug info
HAPI_Debug64.lib(bitwise.obj) : warning LNK4099: PDB 'HAPI_Debug64.pdb' was not found with 'HAPI_Debug64.lib(bitwise.obj)' or at 'C:\Users\a_har\OneDrive - Teesside University\Real Time Simulation\Lunar Lander - Copy\HAPI_Start\x64\Debug\HAPI_Debug64.pdb'; linking object as if no debug info
HAPI_Debug64.lib(framing.obj) : warning LNK4099: PDB 'HAPI_Debug64.pdb' was not found with 'HAPI_Debug64.lib(framing.obj)' or at 'C:\Users\a_har\OneDrive - Teesside University\Real Time Simulation\Lunar Lander - Copy\HAPI_Start\x64\Debug\HAPI_Debug64.pdb'; linking object as if no debug info
HAPI_Debug64.lib(analysis.obj) : warning LNK4099: PDB 'HAPI_Debug64.pdb' was not found with 'HAPI_Debug64.lib(analysis.obj)' or at 'C:\Users\a_har\OneDrive - Teesside University\Real Time Simulation\Lunar Lander - Copy\HAPI_Start\x64\Debug\HAPI_Debug64.pdb'; linking object as if no debug info
HAPI_Debug64.lib(bitrate.obj) : warning LNK4099: PDB 'HAPI_Debug64.pdb' was not found with 'HAPI_Debug64.lib(bitrate.obj)' or at 'C:\Users\a_har\OneDrive - Teesside University\Real Time Simulation\Lunar Lander - Copy\HAPI_Start\x64\Debug\HAPI_Debug64.pdb'; linking object as if no debug info
HAPI_Debug64.lib(block.obj) : warning LNK4099: PDB 'HAPI_Debug64.pdb' was not found with 'HAPI_Debug64.lib(block.obj)' or at 'C:\Users\a_har\OneDrive - Teesside University\Real Time Simulation\Lunar Lander - Copy\HAPI_Start\x64\Debug\HAPI_Debug64.pdb'; linking object as if no debug info
HAPI_Debug64.lib(codebook.obj) : warning LNK4099: PDB 'HAPI_Debug64.pdb' was not found with 'HAPI_Debug64.lib(codebook.obj)' or at 'C:\Users\a_har\OneDrive - Teesside University\Real Time Simulation\Lunar Lander - Copy\HAPI_Start\x64\Debug\HAPI_Debug64.pdb'; linking object as if no debug info
HAPI_Debug64.lib(envelope.obj) : warning LNK4099: PDB 'HAPI_Debug64.pdb' was not found with 'HAPI_Debug64.lib(envelope.obj)' or at 'C:\Users\a_har\OneDrive - Teesside University\Real Time Simulation\Lunar Lander - Copy\HAPI_Start\x64\Debug\HAPI_Debug64.pdb'; linking object as if no debug info
HAPI_Debug64.lib(floor0.obj) : warning LNK4099: PDB 'HAPI_Debug64.pdb' was not found with 'HAPI_Debug64.lib(floor0.obj)' or at 'C:\Users\a_har\OneDrive - Teesside University\Real Time Simulation\Lunar Lander - Copy\HAPI_Start\x64\Debug\HAPI_Debug64.pdb'; linking object as if no debug info
HAPI_Debug64.lib(floor1.obj) : warning LNK4099: PDB 'HAPI_Debug64.pdb' was not found with 'HAPI_Debug64.lib(floor1.obj)' or at 'C:\Users\a_har\OneDrive - Teesside University\Real Time Simulation\Lunar Lander - Copy\HAPI_Start\x64\Debug\HAPI_Debug64.pdb'; linking object as if no debug info
HAPI_Debug64.lib(info.obj) : warning LNK4099: PDB 'HAPI_Debug64.pdb' was not found with 'HAPI_Debug64.lib(info.obj)' or at 'C:\Users\a_har\OneDrive - Teesside University\Real Time Simulation\Lunar Lander - Copy\HAPI_Start\x64\Debug\HAPI_Debug64.pdb'; linking object as if no debug info
HAPI_Debug64.lib(lpc.obj) : warning LNK4099: PDB 'HAPI_Debug64.pdb' was not found with 'HAPI_Debug64.lib(lpc.obj)' or at 'C:\Users\a_har\OneDrive - Teesside University\Real Time Simulation\Lunar Lander - Copy\HAPI_Start\x64\Debug\HAPI_Debug64.pdb'; linking object as if no debug info
HAPI_Debug64.lib(lsp.obj) : warning LNK4099: PDB 'HAPI_Debug64.pdb' was not found with 'HAPI_Debug64.lib(lsp.obj)' or at 'C:\Users\a_har\OneDrive - Teesside University\Real Time Simulation\Lunar Lander - Copy\HAPI_Start\x64\Debug\HAPI_Debug64.pdb'; linking object as if no debug info
HAPI_Debug64.lib(mapping0.obj) : warning LNK4099: PDB 'HAPI_Debug64.pdb' was not found with 'HAPI_Debug64.lib(mapping0.obj)' or at 'C:\Users\a_har\OneDrive - Teesside University\Real Time Simulation\Lunar Lander - Copy\HAPI_Start\x64\Debug\HAPI_Debug64.pdb'; linking object as if no debug info
HAPI_Debug64.lib(mdct.obj) : warning LNK4099: PDB '' was not found with 'HAPI_Debug64.lib(mdct.obj)' or at ''; linking object as if no debug info
HAPI_Debug64.lib(psy.obj) : warning LNK4099: PDB 'HAPI_Debug64.pdb' was not found with 'HAPI_Debug64.lib(psy.obj)' or at 'C:\Users\a_har\OneDrive - Teesside University\Real Time Simulation\Lunar Lander - Copy\HAPI_Start\x64\Debug\HAPI_Debug64.pdb'; linking object as if no debug info
HAPI_Debug64.lib(registry.obj) : warning LNK4099: PDB 'HAPI_Debug64.pdb' was not found with 'HAPI_Debug64.lib(registry.obj)' or at 'C:\Users\a_har\OneDrive - Teesside University\Real Time Simulation\Lunar Lander - Copy\HAPI_Start\x64\Debug\HAPI_Debug64.pdb'; linking object as if no debug info
HAPI_Debug64.lib(res0.obj) : warning LNK4099: PDB '' was not found with 'HAPI_Debug64.lib(res0.obj)' or at ''; linking object as if no debug info
HAPI_Debug64.lib(sharedbook.obj) : warning LNK4099: PDB 'HAPI_Debug64.pdb' was not found with 'HAPI_Debug64.lib(sharedbook.obj)' or at 'C:\Users\a_har\OneDrive - Teesside University\Real Time Simulation\Lunar Lander - Copy\HAPI_Start\x64\Debug\HAPI_Debug64.pdb'; linking object as if no debug info
HAPI_Debug64.lib(smallft.obj) : warning LNK4099: PDB 'HAPI_Debug64.pdb' was not found with 'HAPI_Debug64.lib(smallft.obj)' or at 'C:\Users\a_har\OneDrive - Teesside University\Real Time Simulation\Lunar Lander - Copy\HAPI_Start\x64\Debug\HAPI_Debug64.pdb'; linking object as if no debug info
HAPI_Debug64.lib(synthesis.obj) : warning LNK4099: PDB 'HAPI_Debug64.pdb' was not found with 'HAPI_Debug64.lib(synthesis.obj)' or at 'C:\Users\a_har\OneDrive - Teesside University\Real Time Simulation\Lunar Lander - Copy\HAPI_Start\x64\Debug\HAPI_Debug64.pdb'; linking object as if no debug info
HAPI_Debug64.lib(vorbisenc.obj) : warning LNK4099: PDB 'HAPI_Debug64.pdb' was not found with 'HAPI_Debug64.lib(vorbisenc.obj)' or at 'C:\Users\a_har\OneDrive - Teesside University\Real Time Simulation\Lunar Lander - Copy\HAPI_Start\x64\Debug\HAPI_Debug64.pdb'; linking object as if no debug info
HAPI_Debug64.lib(vorbisfile.obj) : warning LNK4099: PDB 'HAPI_Debug64.pdb' was not found with 'HAPI_Debug64.lib(vorbisfile.obj)' or at 'C:\Users\a_har\OneDrive - Teesside University\Real Time Simulation\Lunar Lander - Copy\HAPI_Start\x64\Debug\HAPI_Debug64.pdb'; linking object as if no debug info
HAPI_Debug64.lib(windowKD2.obj) : warning LNK4099: PDB 'HAPI_Debug64.pdb' was not found with 'HAPI_Debug64.lib(windowKD2.obj)' or at 'C:\Users\a_har\OneDrive - Teesside University\Real Time Simulation\Lunar Lander - Copy\HAPI_Start\x64\Debug\HAPI_Debug64.pdb'; linking object as if no debug info
HAPI_Debug64.lib(ALCheck.obj) : warning LNK4099: PDB 'HAPI_Debug64.pdb' was not found with 'HAPI_Debug64.lib(ALCheck.obj)' or at 'C:\Users\a_har\OneDrive - Teesside University\Real Time Simulation\Lunar Lander - Copy\HAPI_Start\x64\Debug\HAPI_Debug64.pdb'; linking object as if no debug info
HAPI_Debug64.lib(AlResource.obj) : warning LNK4099: PDB 'HAPI_Debug64.pdb' was not found with 'HAPI_Debug64.lib(AlResource.obj)' or at 'C:\Users\a_har\OneDrive - Teesside University\Real Time Simulation\Lunar Lander - Copy\HAPI_Start\x64\Debug\HAPI_Debug64.pdb'; linking object as if no debug info
HAPI_Debug64.lib(AudioDevice.obj) : warning LNK4099: PDB 'HAPI_Debug64.pdb' was not found with 'HAPI_Debug64.lib(AudioDevice.obj)' or at 'C:\Users\a_har\OneDrive - Teesside University\Real Time Simulation\Lunar Lander - Copy\HAPI_Start\x64\Debug\HAPI_Debug64.pdb'; linking object as if no debug info
HAPI_Debug64.lib(InputSoundFile.obj) : warning LNK4099: PDB 'HAPI_Debug64.pdb' was not found with 'HAPI_Debug64.lib(InputSoundFile.obj)' or at 'C:\Users\a_har\OneDrive - Teesside University\Real Time Simulation\Lunar Lander - Copy\HAPI_Start\x64\Debug\HAPI_Debug64.pdb'; linking object as if no debug info
HAPI_Debug64.lib(Music.obj) : warning LNK4099: PDB 'HAPI_Debug64.pdb' was not found with 'HAPI_Debug64.lib(Music.obj)' or at 'C:\Users\a_har\OneDrive - Teesside University\Real Time Simulation\Lunar Lander - Copy\HAPI_Start\x64\Debug\HAPI_Debug64.pdb'; linking object as if no debug info
HAPI_Debug64.lib(OutputSoundFile.obj) : warning LNK4099: PDB 'HAPI_Debug64.pdb' was not found with 'HAPI_Debug64.lib(OutputSoundFile.obj)' or at 'C:\Users\a_har\OneDrive - Teesside University\Real Time Simulation\Lunar Lander - Copy\HAPI_Start\x64\Debug\HAPI_Debug64.pdb'; linking object as if no debug info
HAPI_Debug64.lib(Sound.obj) : warning LNK4099: PDB 'HAPI_Debug64.pdb' was not found with 'HAPI_Debug64.lib(Sound.obj)' or at 'C:\Users\a_har\OneDrive - Teesside University\Real Time Simulation\Lunar Lander - Copy\HAPI_Start\x64\Debug\HAPI_Debug64.pdb'; linking object as if no debug info
HAPI_Debug64.lib(SoundBuffer.obj) : warning LNK4099: PDB 'HAPI_Debug64.pdb' was not found with 'HAPI_Debug64.lib(SoundBuffer.obj)' or at 'C:\Users\a_har\OneDrive - Teesside University\Real Time Simulation\Lunar Lander - Copy\HAPI_Start\x64\Debug\HAPI_Debug64.pdb'; linking object as if no debug info
HAPI_Debug64.lib(SoundFileFactory.obj) : warning LNK4099: PDB 'HAPI_Debug64.pdb' was not found with 'HAPI_Debug64.lib(SoundFileFactory.obj)' or at 'C:\Users\a_har\OneDrive - Teesside University\Real Time Simulation\Lunar Lander - Copy\HAPI_Start\x64\Debug\HAPI_Debug64.pdb'; linking object as if no debug info
HAPI_Debug64.lib(SoundFileReaderFlac.obj) : warning LNK4099: PDB '' was not found with 'HAPI_Debug64.lib(SoundFileReaderFlac.obj)' or at ''; linking object as if no debug info
HAPI_Debug64.lib(SoundFileReaderOgg.obj) : warning LNK4099: PDB 'HAPI_Debug64.pdb' was not found with 'HAPI_Debug64.lib(SoundFileReaderOgg.obj)' or at 'C:\Users\a_har\OneDrive - Teesside University\Real Time Simulation\Lunar Lander - Copy\HAPI_Start\x64\Debug\HAPI_Debug64.pdb'; linking object as if no debug info
HAPI_Debug64.lib(SoundFileReaderWav.obj) : warning LNK4099: PDB 'HAPI_Debug64.pdb' was not found with 'HAPI_Debug64.lib(SoundFileReaderWav.obj)' or at 'C:\Users\a_har\OneDrive - Teesside University\Real Time Simulation\Lunar Lander - Copy\HAPI_Start\x64\Debug\HAPI_Debug64.pdb'; linking object as if no debug info
HAPI_Debug64.lib(SoundFileWriterFlac.obj) : warning LNK4099: PDB 'HAPI_Debug64.pdb' was not found with 'HAPI_Debug64.lib(SoundFileWriterFlac.obj)' or at 'C:\Users\a_har\OneDrive - Teesside University\Real Time Simulation\Lunar Lander - Copy\HAPI_Start\x64\Debug\HAPI_Debug64.pdb'; linking object as if no debug info
HAPI_Debug64.lib(SoundFileWriterOgg.obj) : warning LNK4099: PDB 'HAPI_Debug64.pdb' was not found with 'HAPI_Debug64.lib(SoundFileWriterOgg.obj)' or at 'C:\Users\a_har\OneDrive - Teesside University\Real Time Simulation\Lunar Lander - Copy\HAPI_Start\x64\Debug\HAPI_Debug64.pdb'; linking object as if no debug info
HAPI_Debug64.lib(SoundFileWriterWav.obj) : warning LNK4099: PDB 'HAPI_Debug64.pdb' was not found with 'HAPI_Debug64.lib(SoundFileWriterWav.obj)' or at 'C:\Users\a_har\OneDrive - Teesside University\Real Time Simulation\Lunar Lander - Copy\HAPI_Start\x64\Debug\HAPI_Debug64.pdb'; linking object as if no debug info
HAPI_Debug64.lib(SoundSource.obj) : warning LNK4099: PDB 'HAPI_Debug64.pdb' was not found with 'HAPI_Debug64.lib(SoundSource.obj)' or at 'C:\Users\a_har\OneDrive - Teesside University\Real Time Simulation\Lunar Lander - Copy\HAPI_Start\x64\Debug\HAPI_Debug64.pdb'; linking object as if no debug info
HAPI_Debug64.lib(SoundStream.obj) : warning LNK4099: PDB 'HAPI_Debug64.pdb' was not found with 'HAPI_Debug64.lib(SoundStream.obj)' or at 'C:\Users\a_har\OneDrive - Teesside University\Real Time Simulation\Lunar Lander - Copy\HAPI_Start\x64\Debug\HAPI_Debug64.pdb'; linking object as if no debug info
HAPI_Debug64.lib(BlendMode.obj) : warning LNK4099: PDB 'HAPI_Debug64.pdb' was not found with 'HAPI_Debug64.lib(BlendMode.obj)' or at 'C:\Users\a_har\OneDrive - Teesside University\Real Time Simulation\Lunar Lander - Copy\HAPI_Start\x64\Debug\HAPI_Debug64.pdb'; linking object as if no debug info
HAPI_Debug64.lib(Color.obj) : warning LNK4099: PDB 'HAPI_Debug64.pdb' was not found with 'HAPI_Debug64.lib(Color.obj)' or at 'C:\Users\a_har\OneDrive - Teesside University\Real Time Simulation\Lunar Lander - Copy\HAPI_Start\x64\Debug\HAPI_Debug64.pdb'; linking object as if no debug info
HAPI_Debug64.lib(Font.obj) : warning LNK4099: PDB 'HAPI_Debug64.pdb' was not found with 'HAPI_Debug64.lib(Font.obj)' or at 'C:\Users\a_har\OneDrive - Teesside University\Real Time Simulation\Lunar Lander - Copy\HAPI_Start\x64\Debug\HAPI_Debug64.pdb'; linking object as if no debug info
HAPI_Debug64.lib(GLCheck.obj) : warning LNK4099: PDB '' was not found with 'HAPI_Debug64.lib(GLCheck.obj)' or at ''; linking object as if no debug info
HAPI_Debug64.lib(GLExtensions.obj) : warning LNK4099: PDB 'HAPI_Debug64.pdb' was not found with 'HAPI_Debug64.lib(GLExtensions.obj)' or at 'C:\Users\a_har\OneDrive - Teesside University\Real Time Simulation\Lunar Lander - Copy\HAPI_Start\x64\Debug\HAPI_Debug64.pdb'; linking object as if no debug info
HAPI_Debug64.lib(GLLoader.obj) : warning LNK4099: PDB 'HAPI_Debug64.pdb' was not found with 'HAPI_Debug64.lib(GLLoader.obj)' or at 'C:\Users\a_har\OneDrive - Teesside University\Real Time Simulation\Lunar Lander - Copy\HAPI_Start\x64\Debug\HAPI_Debug64.pdb'; linking object as if no debug info
HAPI_Debug64.lib(Glsl.obj) : warning LNK4099: PDB 'HAPI_Debug64.pdb' was not found with 'HAPI_Debug64.lib(Glsl.obj)' or at 'C:\Users\a_har\OneDrive - Teesside University\Real Time Simulation\Lunar Lander - Copy\HAPI_Start\x64\Debug\HAPI_Debug64.pdb'; linking object as if no debug info
HAPI_Debug64.lib(Image.obj) : warning LNK4099: PDB 'HAPI_Debug64.pdb' was not found with 'HAPI_Debug64.lib(Image.obj)' or at 'C:\Users\a_har\OneDrive - Teesside University\Real Time Simulation\Lunar Lander - Copy\HAPI_Start\x64\Debug\HAPI_Debug64.pdb'; linking object as if no debug info
HAPI_Debug64.lib(ImageLoader.obj) : warning LNK4099: PDB 'HAPI_Debug64.pdb' was not found with 'HAPI_Debug64.lib(ImageLoader.obj)' or at 'C:\Users\a_har\OneDrive - Teesside University\Real Time Simulation\Lunar Lander - Copy\HAPI_Start\x64\Debug\HAPI_Debug64.pdb'; linking object as if no debug info
HAPI_Debug64.lib(RenderStates.obj) : warning LNK4099: PDB '' was not found with 'HAPI_Debug64.lib(RenderStates.obj)' or at ''; linking object as if no debug info
HAPI_Debug64.lib(RenderTarget.obj) : warning LNK4099: PDB 'HAPI_Debug64.pdb' was not found with 'HAPI_Debug64.lib(RenderTarget.obj)' or at 'C:\Users\a_har\OneDrive - Teesside University\Real Time Simulation\Lunar Lander - Copy\HAPI_Start\x64\Debug\HAPI_Debug64.pdb'; linking object as if no debug info
HAPI_Debug64.lib(RenderTextureImpl.obj) : warning LNK4099: PDB 'HAPI_Debug64.pdb' was not found with 'HAPI_Debug64.lib(RenderTextureImpl.obj)' or at 'C:\Users\a_har\OneDrive - Teesside University\Real Time Simulation\Lunar Lander - Copy\HAPI_Start\x64\Debug\HAPI_Debug64.pdb'; linking object as if no debug info
HAPI_Debug64.lib(RenderTextureImplFBO.obj) : warning LNK4099: PDB 'HAPI_Debug64.pdb' was not found with 'HAPI_Debug64.lib(RenderTextureImplFBO.obj)' or at 'C:\Users\a_har\OneDrive - Teesside University\Real Time Simulation\Lunar Lander - Copy\HAPI_Start\x64\Debug\HAPI_Debug64.pdb'; linking object as if no debug info
HAPI_Debug64.lib(RenderWindow.obj) : warning LNK4099: PDB 'HAPI_Debug64.pdb' was not found with 'HAPI_Debug64.lib(RenderWindow.obj)' or at 'C:\Users\a_har\OneDrive - Teesside University\Real Time Simulation\Lunar Lander - Copy\HAPI_Start\x64\Debug\HAPI_Debug64.pdb'; linking object as if no debug info
HAPI_Debug64.lib(Shader.obj) : warning LNK4099: PDB 'HAPI_Debug64.pdb' was not found with 'HAPI_Debug64.lib(Shader.obj)' or at 'C:\Users\a_har\OneDrive - Teesside University\Real Time Simulation\Lunar Lander - Copy\HAPI_Start\x64\Debug\HAPI_Debug64.pdb'; linking object as if no debug info
HAPI_Debug64.lib(Sprite.obj) : warning LNK4099: PDB 'HAPI_Debug64.pdb' was not found with 'HAPI_Debug64.lib(Sprite.obj)' or at 'C:\Users\a_har\OneDrive - Teesside University\Real Time Simulation\Lunar Lander - Copy\HAPI_Start\x64\Debug\HAPI_Debug64.pdb'; linking object as if no debug info
HAPI_Debug64.lib(Text.obj) : warning LNK4099: PDB '' was not found with 'HAPI_Debug64.lib(Text.obj)' or at ''; linking object as if no debug info
HAPI_Debug64.lib(Texture.obj) : warning LNK4099: PDB 'HAPI_Debug64.pdb' was not found with 'HAPI_Debug64.lib(Texture.obj)' or at 'C:\Users\a_har\OneDrive - Teesside University\Real Time Simulation\Lunar Lander - Copy\HAPI_Start\x64\Debug\HAPI_Debug64.pdb'; linking object as if no debug info
HAPI_Debug64.lib(TextureSaver.obj) : warning LNK4099: PDB 'HAPI_Debug64.pdb' was not found with 'HAPI_Debug64.lib(TextureSaver.obj)' or at 'C:\Users\a_har\OneDrive - Teesside University\Real Time Simulation\Lunar Lander - Copy\HAPI_Start\x64\Debug\HAPI_Debug64.pdb'; linking object as if no debug info
HAPI_Debug64.lib(Transform.obj) : warning LNK4099: PDB 'HAPI_Debug64.pdb' was not found with 'HAPI_Debug64.lib(Transform.obj)' or at 'C:\Users\a_har\OneDrive - Teesside University\Real Time Simulation\Lunar Lander - Copy\HAPI_Start\x64\Debug\HAPI_Debug64.pdb'; linking object as if no debug info
HAPI_Debug64.lib(Transformable.obj) : warning LNK4099: PDB 'HAPI_Debug64.pdb' was not found with 'HAPI_Debug64.lib(Transformable.obj)' or at 'C:\Users\a_har\OneDrive - Teesside University\Real Time Simulation\Lunar Lander - Copy\HAPI_Start\x64\Debug\HAPI_Debug64.pdb'; linking object as if no debug info
HAPI_Debug64.lib(Vertex.obj) : warning LNK4099: PDB '' was not found with 'HAPI_Debug64.lib(Vertex.obj)' or at ''; linking object as if no debug info
HAPI_Debug64.lib(VertexArray.obj) : warning LNK4099: PDB 'HAPI_Debug64.pdb' was not found with 'HAPI_Debug64.lib(VertexArray.obj)' or at 'C:\Users\a_har\OneDrive - Teesside University\Real Time Simulation\Lunar Lander - Copy\HAPI_Start\x64\Debug\HAPI_Debug64.pdb'; linking object as if no debug info
HAPI_Debug64.lib(VertexBuffer.obj) : warning LNK4099: PDB 'HAPI_Debug64.pdb' was not found with 'HAPI_Debug64.lib(VertexBuffer.obj)' or at 'C:\Users\a_har\OneDrive - Teesside University\Real Time Simulation\Lunar Lander - Copy\HAPI_Start\x64\Debug\HAPI_Debug64.pdb'; linking object as if no debug info
HAPI_Debug64.lib(View.obj) : warning LNK4099: PDB 'HAPI_Debug64.pdb' was not found with 'HAPI_Debug64.lib(View.obj)' or at 'C:\Users\a_har\OneDrive - Teesside University\Real Time Simulation\Lunar Lander - Copy\HAPI_Start\x64\Debug\HAPI_Debug64.pdb'; linking object as if no debug info
HAPI_Debug64.lib(MainWin32.obj) : warning LNK4099: PDB 'HAPI_Debug64.pdb' was not found with 'HAPI_Debug64.lib(MainWin32.obj)' or at 'C:\Users\a_har\OneDrive - Teesside University\Real Time Simulation\Lunar Lander - Copy\HAPI_Start\x64\Debug\HAPI_Debug64.pdb'; linking object as if no debug info
HAPI_Debug64.lib(Clock.obj) : warning LNK4099: PDB 'HAPI_Debug64.pdb' was not found with 'HAPI_Debug64.lib(Clock.obj)' or at 'C:\Users\a_har\OneDrive - Teesside University\Real Time Simulation\Lunar Lander - Copy\HAPI_Start\x64\Debug\HAPI_Debug64.pdb'; linking object as if no debug info
HAPI_Debug64.lib(Err.obj) : warning LNK4099: PDB '' was not found with 'HAPI_Debug64.lib(Err.obj)' or at ''; linking object as if no debug info
HAPI_Debug64.lib(FileInputStream.obj) : warning LNK4099: PDB 'HAPI_Debug64.pdb' was not found with 'HAPI_Debug64.lib(FileInputStream.obj)' or at 'C:\Users\a_har\OneDrive - Teesside University\Real Time Simulation\Lunar Lander - Copy\HAPI_Start\x64\Debug\HAPI_Debug64.pdb'; linking object as if no debug info
HAPI_Debug64.lib(Lock.obj) : warning LNK4099: PDB 'HAPI_Debug64.pdb' was not found with 'HAPI_Debug64.lib(Lock.obj)' or at 'C:\Users\a_har\OneDrive - Teesside University\Real Time Simulation\Lunar Lander - Copy\HAPI_Start\x64\Debug\HAPI_Debug64.pdb'; linking object as if no debug info
HAPI_Debug64.lib(MemoryInputStream.obj) : warning LNK4099: PDB 'HAPI_Debug64.pdb' was not found with 'HAPI_Debug64.lib(MemoryInputStream.obj)' or at 'C:\Users\a_har\OneDrive - Teesside University\Real Time Simulation\Lunar Lander - Copy\HAPI_Start\x64\Debug\HAPI_Debug64.pdb'; linking object as if no debug info
HAPI_Debug64.lib(Mutex.obj) : warning LNK4099: PDB 'HAPI_Debug64.pdb' was not found with 'HAPI_Debug64.lib(Mutex.obj)' or at 'C:\Users\a_har\OneDrive - Teesside University\Real Time Simulation\Lunar Lander - Copy\HAPI_Start\x64\Debug\HAPI_Debug64.pdb'; linking object as if no debug info
HAPI_Debug64.lib(Sleep.obj) : warning LNK4099: PDB 'HAPI_Debug64.pdb' was not found with 'HAPI_Debug64.lib(Sleep.obj)' or at 'C:\Users\a_har\OneDrive - Teesside University\Real Time Simulation\Lunar Lander - Copy\HAPI_Start\x64\Debug\HAPI_Debug64.pdb'; linking object as if no debug info
HAPI_Debug64.lib(String.obj) : warning LNK4099: PDB 'HAPI_Debug64.pdb' was not found with 'HAPI_Debug64.lib(String.obj)' or at 'C:\Users\a_har\OneDrive - Teesside University\Real Time Simulation\Lunar Lander - Copy\HAPI_Start\x64\Debug\HAPI_Debug64.pdb'; linking object as if no debug info
HAPI_Debug64.lib(Thread.obj) : warning LNK4099: PDB 'HAPI_Debug64.pdb' was not found with 'HAPI_Debug64.lib(Thread.obj)' or at 'C:\Users\a_har\OneDrive - Teesside University\Real Time Simulation\Lunar Lander - Copy\HAPI_Start\x64\Debug\HAPI_Debug64.pdb'; linking object as if no debug info
HAPI_Debug64.lib(ThreadLocal.obj) : warning LNK4099: PDB 'HAPI_Debug64.pdb' was not found with 'HAPI_Debug64.lib(ThreadLocal.obj)' or at 'C:\Users\a_har\OneDrive - Teesside University\Real Time Simulation\Lunar Lander - Copy\HAPI_Start\x64\Debug\HAPI_Debug64.pdb'; linking object as if no debug info
HAPI_Debug64.lib(Time.obj) : warning LNK4099: PDB 'HAPI_Debug64.pdb' was not found with 'HAPI_Debug64.lib(Time.obj)' or at 'C:\Users\a_har\OneDrive - Teesside University\Real Time Simulation\Lunar Lander - Copy\HAPI_Start\x64\Debug\HAPI_Debug64.pdb'; linking object as if no debug info
HAPI_Debug64.lib(ClockImpl.obj) : warning LNK4099: PDB 'HAPI_Debug64.pdb' was not found with 'HAPI_Debug64.lib(ClockImpl.obj)' or at 'C:\Users\a_har\OneDrive - Teesside University\Real Time Simulation\Lunar Lander - Copy\HAPI_Start\x64\Debug\HAPI_Debug64.pdb'; linking object as if no debug info
HAPI_Debug64.lib(MutexImpl.obj) : warning LNK4099: PDB 'HAPI_Debug64.pdb' was not found with 'HAPI_Debug64.lib(MutexImpl.obj)' or at 'C:\Users\a_har\OneDrive - Teesside University\Real Time Simulation\Lunar Lander - Copy\HAPI_Start\x64\Debug\HAPI_Debug64.pdb'; linking object as if no debug info
HAPI_Debug64.lib(SleepImpl.obj) : warning LNK4099: PDB 'HAPI_Debug64.pdb' was not found with 'HAPI_Debug64.lib(SleepImpl.obj)' or at 'C:\Users\a_har\OneDrive - Teesside University\Real Time Simulation\Lunar Lander - Copy\HAPI_Start\x64\Debug\HAPI_Debug64.pdb'; linking object as if no debug info
HAPI_Debug64.lib(ThreadImpl.obj) : warning LNK4099: PDB 'HAPI_Debug64.pdb' was not found with 'HAPI_Debug64.lib(ThreadImpl.obj)' or at 'C:\Users\a_har\OneDrive - Teesside University\Real Time Simulation\Lunar Lander - Copy\HAPI_Start\x64\Debug\HAPI_Debug64.pdb'; linking object as if no debug info
HAPI_Debug64.lib(ThreadLocalImpl.obj) : warning LNK4099: PDB 'HAPI_Debug64.pdb' was not found with 'HAPI_Debug64.lib(ThreadLocalImpl.obj)' or at 'C:\Users\a_har\OneDrive - Teesside University\Real Time Simulation\Lunar Lander - Copy\HAPI_Start\x64\Debug\HAPI_Debug64.pdb'; linking object as if no debug info
HAPI_Debug64.lib(Context.obj) : warning LNK4099: PDB 'HAPI_Debug64.pdb' was not found with 'HAPI_Debug64.lib(Context.obj)' or at 'C:\Users\a_har\OneDrive - Teesside University\Real Time Simulation\Lunar Lander - Copy\HAPI_Start\x64\Debug\HAPI_Debug64.pdb'; linking object as if no debug info
HAPI_Debug64.lib(Cursor.obj) : warning LNK4099: PDB 'HAPI_Debug64.pdb' was not found with 'HAPI_Debug64.lib(Cursor.obj)' or at 'C:\Users\a_har\OneDrive - Teesside University\Real Time Simulation\Lunar Lander - Copy\HAPI_Start\x64\Debug\HAPI_Debug64.pdb'; linking object as if no debug info
HAPI_Debug64.lib(GlContext.obj) : warning LNK4099: PDB 'HAPI_Debug64.pdb' was not found with 'HAPI_Debug64.lib(GlContext.obj)' or at 'C:\Users\a_har\OneDrive - Teesside University\Real Time Simulation\Lunar Lander - Copy\HAPI_Start\x64\Debug\HAPI_Debug64.pdb'; linking object as if no debug info
HAPI_Debug64.lib(GlResource.obj) : warning LNK4099: PDB 'HAPI_Debug64.pdb' was not found with 'HAPI_Debug64.lib(GlResource.obj)' or at 'C:\Users\a_har\OneDrive - Teesside University\Real Time Simulation\Lunar Lander - Copy\HAPI_Start\x64\Debug\HAPI_Debug64.pdb'; linking object as if no debug info
HAPI_Debug64.lib(Joystick.obj) : warning LNK4099: PDB 'HAPI_Debug64.pdb' was not found with 'HAPI_Debug64.lib(Joystick.obj)' or at 'C:\Users\a_har\OneDrive - Teesside University\Real Time Simulation\Lunar Lander - Copy\HAPI_Start\x64\Debug\HAPI_Debug64.pdb'; linking object as if no debug info
HAPI_Debug64.lib(JoystickManager.obj) : warning LNK4099: PDB 'HAPI_Debug64.pdb' was not found with 'HAPI_Debug64.lib(JoystickManager.obj)' or at 'C:\Users\a_har\OneDrive - Teesside University\Real Time Simulation\Lunar Lander - Copy\HAPI_Start\x64\Debug\HAPI_Debug64.pdb'; linking object as if no debug info
HAPI_Debug64.lib(SensorManager.obj) : warning LNK4099: PDB 'HAPI_Debug64.pdb' was not found with 'HAPI_Debug64.lib(SensorManager.obj)' or at 'C:\Users\a_har\OneDrive - Teesside University\Real Time Simulation\Lunar Lander - Copy\HAPI_Start\x64\Debug\HAPI_Debug64.pdb'; linking object as if no debug info
HAPI_Debug64.lib(VideoMode.obj) : warning LNK4099: PDB 'HAPI_Debug64.pdb' was not found with 'HAPI_Debug64.lib(VideoMode.obj)' or at 'C:\Users\a_har\OneDrive - Teesside University\Real Time Simulation\Lunar Lander - Copy\HAPI_Start\x64\Debug\HAPI_Debug64.pdb'; linking object as if no debug info
HAPI_Debug64.lib(CursorImpl.obj) : warning LNK4099: PDB 'HAPI_Debug64.pdb' was not found with 'HAPI_Debug64.lib(CursorImpl.obj)' or at 'C:\Users\a_har\OneDrive - Teesside University\Real Time Simulation\Lunar Lander - Copy\HAPI_Start\x64\Debug\HAPI_Debug64.pdb'; linking object as if no debug info
HAPI_Debug64.lib(JoystickImpl.obj) : warning LNK4099: PDB 'HAPI_Debug64.pdb' was not found with 'HAPI_Debug64.lib(JoystickImpl.obj)' or at 'C:\Users\a_har\OneDrive - Teesside University\Real Time Simulation\Lunar Lander - Copy\HAPI_Start\x64\Debug\HAPI_Debug64.pdb'; linking object as if no debug info
HAPI_Debug64.lib(SensorImpl.obj) : warning LNK4099: PDB 'HAPI_Debug64.pdb' was not found with 'HAPI_Debug64.lib(SensorImpl.obj)' or at 'C:\Users\a_har\OneDrive - Teesside University\Real Time Simulation\Lunar Lander - Copy\HAPI_Start\x64\Debug\HAPI_Debug64.pdb'; linking object as if no debug info
HAPI_Debug64.lib(VideoModeImpl.obj) : warning LNK4099: PDB 'HAPI_Debug64.pdb' was not found with 'HAPI_Debug64.lib(VideoModeImpl.obj)' or at 'C:\Users\a_har\OneDrive - Teesside University\Real Time Simulation\Lunar Lander - Copy\HAPI_Start\x64\Debug\HAPI_Debug64.pdb'; linking object as if no debug info
HAPI_Debug64.lib(WglContext.obj) : warning LNK4099: PDB 'HAPI_Debug64.pdb' was not found with 'HAPI_Debug64.lib(WglContext.obj)' or at 'C:\Users\a_har\OneDrive - Teesside University\Real Time Simulation\Lunar Lander - Copy\HAPI_Start\x64\Debug\HAPI_Debug64.pdb'; linking object as if no debug info
HAPI_Debug64.lib(WglExtensions.obj) : warning LNK4099: PDB 'HAPI_Debug64.pdb' was not found with 'HAPI_Debug64.lib(WglExtensions.obj)' or at 'C:\Users\a_har\OneDrive - Teesside University\Real Time Simulation\Lunar Lander - Copy\HAPI_Start\x64\Debug\HAPI_Debug64.pdb'; linking object as if no debug info
HAPI_Debug64.lib(WindowImplWin32.obj) : warning LNK4099: PDB 'HAPI_Debug64.pdb' was not found with 'HAPI_Debug64.lib(WindowImplWin32.obj)' or at 'C:\Users\a_har\OneDrive - Teesside University\Real Time Simulation\Lunar Lander - Copy\HAPI_Start\x64\Debug\HAPI_Debug64.pdb'; linking object as if no debug info
HAPI_Debug64.lib(Window.obj) : warning LNK4099: PDB 'HAPI_Debug64.pdb' was not found with 'HAPI_Debug64.lib(Window.obj)' or at 'C:\Users\a_har\OneDrive - Teesside University\Real Time Simulation\Lunar Lander - Copy\HAPI_Start\x64\Debug\HAPI_Debug64.pdb'; linking object as if no debug info
HAPI_Debug64.lib(WindowImpl.obj) : warning LNK4099: PDB 'HAPI_Debug64.pdb' was not found with 'HAPI_Debug64.lib(WindowImpl.obj)' or at 'C:\Users\a_har\OneDrive - Teesside University\Real Time Simulation\Lunar Lander - Copy\HAPI_Start\x64\Debug\HAPI_Debug64.pdb'; linking object as if no debug info
HAPI_Debug64.lib(stdafx.obj) : warning LNK4099: PDB 'HAPI_Debug64.pdb' was not found with 'HAPI_Debug64.lib(stdafx.obj)' or at 'C:\Users\a_har\OneDrive - Teesside University\Real Time Simulation\Lunar Lander - Copy\HAPI_Start\x64\Debug\HAPI_Debug64.pdb'; linking object as if no debug info
HAPI_Debug64.lib(Utility.obj) : warning LNK4099: PDB 'HAPI_Debug64.pdb' was not found with 'HAPI_Debug64.lib(Utility.obj)' or at 'C:\Users\a_har\OneDrive - Teesside University\Real Time Simulation\Lunar Lander - Copy\HAPI_Start\x64\Debug\HAPI_Debug64.pdb'; linking object as if no debug info
  HAPI_Start.vcxproj -> C:\Users\a_har\OneDrive - Teesside University\Real Time Simulation\Lunar Lander - Copy\HAPI_Start\x64\Debug\HAPI_Start.exe
